<?xml version="1.0" encoding="UTF-8"?>
<testng-results ignored="0" total="4" passed="4" failed="0" skipped="0">
  <reporter-output>
  </reporter-output>
  <suite started-at="2022-03-28T15:05:08 IST" name="Default suite" finished-at="2022-03-28T15:05:08 IST" duration-ms="131">
    <groups>
    </groups>
    <test started-at="2022-03-28T15:05:08 IST" name="Default test" finished-at="2022-03-28T15:05:08 IST" duration-ms="131">
      <class name="com.crm.newvtiger1.B1_Test">
        <test-method signature="b1()[pri:0, instance:com.crm.newvtiger1.B1_Test@2525ff7e]" started-at="2022-03-28T15:05:08 IST" name="b1" finished-at="2022-03-28T15:05:08 IST" duration-ms="20" status="PASS">
          <reporter-output>
          </reporter-output>
        </test-method> <!-- b1 -->
        <test-method signature="b2()[pri:0, instance:com.crm.newvtiger1.B1_Test@2525ff7e]" started-at="2022-03-28T15:05:08 IST" name="b2" finished-at="2022-03-28T15:05:08 IST" duration-ms="2" status="PASS">
          <reporter-output>
          </reporter-output>
        </test-method> <!-- b2 -->
        <test-method signature="b3()[pri:0, instance:com.crm.newvtiger1.B1_Test@2525ff7e]" started-at="2022-03-28T15:05:08 IST" name="b3" finished-at="2022-03-28T15:05:08 IST" duration-ms="2" status="PASS">
          <reporter-output>
          </reporter-output>
        </test-method> <!-- b3 -->
        <test-method signature="b4()[pri:0, instance:com.crm.newvtiger1.B1_Test@2525ff7e]" started-at="2022-03-28T15:05:08 IST" name="b4" finished-at="2022-03-28T15:05:08 IST" duration-ms="3" status="PASS">
          <reporter-output>
          </reporter-output>
        </test-method> <!-- b4 -->
      </class> <!-- com.crm.newvtiger1.B1_Test -->
    </test> <!-- Default test -->
  </suite> <!-- Default suite -->
</testng-results>
