<?xml version="1.0" encoding="UTF-8"?>
<!-- Generated by org.testng.reporters.JUnitXMLReporter -->
<testsuite ignored="0" hostname="DESKTOP-SNCN38L" failures="0" tests="4" name="Default test" time="0.131" errors="0" timestamp="2022-03-28T15:05:08 IST">
  <testcase classname="com.crm.newvtiger1.B1_Test" name="b1" time="0.02"/>
  <testcase classname="com.crm.newvtiger1.B1_Test" name="b2" time="0.002"/>
  <testcase classname="com.crm.newvtiger1.B1_Test" name="b3" time="0.002"/>
  <testcase classname="com.crm.newvtiger1.B1_Test" name="b4" time="0.003"/>
</testsuite> <!-- Default test -->
